0 info it worked if it ends with ok
1 verbose cli [ 'node', '/usr/local/bin/npm', 'start' ]
2 info using npm@3.10.6
3 info using node@v0.12.5
4 verbose run-script [ 'prestart', 'start', 'poststart' ]
5 info lifecycle messaging@0.0.1~prestart: messaging@0.0.1
6 silly lifecycle messaging@0.0.1~prestart: no script for prestart, continuing
7 info lifecycle messaging@0.0.1~start: messaging@0.0.1
8 verbose lifecycle messaging@0.0.1~start: unsafe-perm in lifecycle true
9 verbose lifecycle messaging@0.0.1~start: PATH: /usr/local/lib/node_modules/npm/bin/node-gyp-bin:/Users/jimmyfargo/Dev/nodeStuff/messaging/node_modules/.bin:/Library/Frameworks/Python.framework/Versions/3.5/bin:/Users/jimmyfargo/Dev/mongodb-3.2.8/bin:/Users/jimmyfargo/.sdkman/candidates/groovy/current/bin:/usr/local/bin:/usr/bin:/bin:/usr/sbin:/sbin:/opt/X11/bin:/usr/local/git/bin:/Library/Frameworks/Mono.framework/Versions/Current/Commands
10 verbose lifecycle messaging@0.0.1~start: CWD: /Users/jimmyfargo/Dev/nodeStuff/messaging
11 silly lifecycle messaging@0.0.1~start: Args: [ '-c', 'node src/index' ]
12 silly lifecycle messaging@0.0.1~start: Returned: code: 1  signal: null
13 info lifecycle messaging@0.0.1~start: Failed to exec start script
14 verbose stack Error: messaging@0.0.1 start: `node src/index`
14 verbose stack Exit status 1
14 verbose stack     at EventEmitter.<anonymous> (/usr/local/lib/node_modules/npm/lib/utils/lifecycle.js:255:16)
14 verbose stack     at EventEmitter.emit (events.js:110:17)
14 verbose stack     at ChildProcess.<anonymous> (/usr/local/lib/node_modules/npm/lib/utils/spawn.js:40:14)
14 verbose stack     at ChildProcess.emit (events.js:110:17)
14 verbose stack     at maybeClose (child_process.js:1015:16)
14 verbose stack     at Process.ChildProcess._handle.onexit (child_process.js:1087:5)
15 verbose pkgid messaging@0.0.1
16 verbose cwd /Users/jimmyfargo/Dev/nodeStuff/messaging
17 error Darwin 15.6.0
18 error argv "node" "/usr/local/bin/npm" "start"
19 error node v0.12.5
20 error npm  v3.10.6
21 error code ELIFECYCLE
22 error messaging@0.0.1 start: `node src/index`
22 error Exit status 1
23 error Failed at the messaging@0.0.1 start script 'node src/index'.
23 error Make sure you have the latest version of node.js and npm installed.
23 error If you do, this is most likely a problem with the messaging package,
23 error not with npm itself.
23 error Tell the author that this fails on your system:
23 error     node src/index
23 error You can get information on how to open an issue for this project with:
23 error     npm bugs messaging
23 error Or if that isn't available, you can get their info via:
23 error     npm owner ls messaging
23 error There is likely additional logging output above.
24 verbose exit [ 1, true ]
